Using pre-set license
Built from '2022.3/staging' branch; Version is '2022.3.4f1 (35713cd46cd7) revision 3502396'; Using compiler version '192829333'; Build Type 'Release'
OS: 'Windows 10  (10.0.19045) 64bit Professional' Language: 'tr' Physical Memory: 15741 MB
BatchMode: 1, IsHumanControllingUs: 0, StartBugReporterOnCrash: 0, Is64bit: 1, IsPro: 1

COMMAND LINE ARGUMENTS:
C:\Program Files\Unity\Hub\Editor\2022.3.4f1\Editor\Unity.exe
-adb2
-batchMode
-noUpm
-name
AssetImportWorker0
-projectPath
C:/Users/Fatih/NoSurrenderCase
-logFile
Logs/AssetImportWorker0.log
-srvPort
54889
Successfully changed project path to: C:/Users/Fatih/NoSurrenderCase
C:/Users/Fatih/NoSurrenderCase
[UnityMemory] Configuration Parameters - Can be set up in boot.config
    "memorysetup-bucket-allocator-granularity=16"
    "memorysetup-bucket-allocator-bucket-count=8"
    "memorysetup-bucket-allocator-block-size=33554432"
    "memorysetup-bucket-allocator-block-count=8"
    "memorysetup-main-allocator-block-size=16777216"
    "memorysetup-thread-allocator-block-size=16777216"
    "memorysetup-gfx-main-allocator-block-size=16777216"
    "memorysetup-gfx-thread-allocator-block-size=16777216"
    "memorysetup-cache-allocator-block-size=4194304"
    "memorysetup-typetree-allocator-block-size=2097152"
    "memorysetup-profiler-bucket-allocator-granularity=16"
    "memorysetup-profiler-bucket-allocator-bucket-count=8"
    "memorysetup-profiler-bucket-allocator-block-size=33554432"
    "memorysetup-profiler-bucket-allocator-block-count=8"
    "memorysetup-profiler-allocator-block-size=16777216"
    "memorysetup-profiler-editor-allocator-block-size=1048576"
    "memorysetup-temp-allocator-size-main=16777216"
    "memorysetup-job-temp-allocator-block-size=2097152"
    "memorysetup-job-temp-allocator-block-size-background=1048576"
    "memorysetup-job-temp-allocator-reduction-small-platforms=262144"
    "memorysetup-allocator-temp-initial-block-size-main=262144"
    "memorysetup-allocator-temp-initial-block-size-worker=262144"
    "memorysetup-temp-allocator-size-background-worker=32768"
    "memorysetup-temp-allocator-size-job-worker=262144"
    "memorysetup-temp-allocator-size-preload-manager=33554432"
    "memorysetup-temp-allocator-size-nav-mesh-worker=65536"
    "memorysetup-temp-allocator-size-audio-worker=65536"
    "memorysetup-temp-allocator-size-cloud-worker=32768"
    "memorysetup-temp-allocator-size-gi-baking-worker=262144"
    "memorysetup-temp-allocator-size-gfx=262144"
Player connection [35784] Host "[IP] 192.168.1.100 [Port] 0 [Flags] 2 [Guid] 2088401874 [EditorId] 2088401874 [Version] 1048832 [Id] WindowsEditor(7,DESKTOP-75U869K) [Debug] 1 [PackageName] WindowsEditor [ProjectName] Editor" joined multi-casting on [225.0.0.222:54997]...

Player connection [35784] Host "[IP] 192.168.1.100 [Port] 0 [Flags] 2 [Guid] 2088401874 [EditorId] 2088401874 [Version] 1048832 [Id] WindowsEditor(7,DESKTOP-75U869K) [Debug] 1 [PackageName] WindowsEditor [ProjectName] Editor" joined alternative multi-casting on [225.0.0.222:34997]...

Refreshing native plugins compatible for Editor in 14.76 ms, found 3 plugins.
Preloading 0 native plugins for Editor in 0.00 ms.
Initialize engine version: 2022.3.4f1 (35713cd46cd7)
[Subsystems] Discovering subsystems at path C:/Program Files/Unity/Hub/Editor/2022.3.4f1/Editor/Data/Resources/UnitySubsystems
[Subsystems] Discovering subsystems at path C:/Users/Fatih/NoSurrenderCase/Assets
GfxDevice: creating device client; threaded=0; jobified=0
Direct3D:
    Version:  Direct3D 11.0 [level 11.1]
    Renderer: NVIDIA GeForce GTX 1650 Ti (ID=0x1f95)
    Vendor:   NVIDIA
    VRAM:     3949 MB
    Driver:   31.0.15.3640
Initialize mono
Mono path[0] = 'C:/Program Files/Unity/Hub/Editor/2022.3.4f1/Editor/Data/Managed'
Mono path[1] = 'C:/Program Files/Unity/Hub/Editor/2022.3.4f1/Editor/Data/MonoBleedingEdge/lib/mono/unityjit-win32'
Mono config path = 'C:/Program Files/Unity/Hub/Editor/2022.3.4f1/Editor/Data/MonoBleedingEdge/etc'
Using monoOptions --debugger-agent=transport=dt_socket,embedding=1,server=y,suspend=n,address=127.0.0.1:56824
Begin MonoManager ReloadAssembly
Registering precompiled unity dll's ...
Register platform support module: C:/Program Files/Unity/Hub/Editor/2022.3.4f1/Editor/Data/PlaybackEngines/AndroidPlayer/UnityEditor.Android.Extensions.dll
Register platform support module: C:/Program Files/Unity/Hub/Editor/2022.3.4f1/Editor/Data/PlaybackEngines/iOSSupport/UnityEditor.iOS.Extensions.dll
Register platform support module: C:/Program Files/Unity/Hub/Editor/2022.3.4f1/Editor/Data/PlaybackEngines/WindowsStandaloneSupport/UnityEditor.WindowsStandalone.Extensions.dll
Registered in 0.014699 seconds.
- Loaded All Assemblies, in  0.397 seconds
Native extension for WindowsStandalone target not found
[usbmuxd] Start listen thread
[usbmuxd] Listen thread started
Native extension for iOS target not found
Native extension for Android target not found
Android Extension - Scanning For ADB Devices 344 ms
Mono: successfully reloaded assembly
- Finished resetting the current domain, in  0.707 seconds
Domain Reload Profiling: 1102ms
	BeginReloadAssembly (105ms)
		ExecutionOrderSort (0ms)
		DisableScriptedObjects (0ms)
		BackupInstance (0ms)
		ReleaseScriptingObjects (0ms)
		CreateAndSetChildDomain (1ms)
	RebuildCommonClasses (39ms)
	RebuildNativeTypeToScriptingClass (12ms)
	initialDomainReloadingComplete (74ms)
	LoadAllAssembliesAndSetupDomain (164ms)
		LoadAssemblies (103ms)
		RebuildTransferFunctionScriptingTraits (0ms)
		AnalyzeDomain (156ms)
			TypeCache.Refresh (155ms)
				TypeCache.ScanAssembly (142ms)
			ScanForSourceGeneratedMonoScriptInfo (0ms)
			ResolveRequiredComponents (0ms)
	FinalizeReload (708ms)
		ReleaseScriptCaches (0ms)
		RebuildScriptCaches (0ms)
		SetupLoadedEditorAssemblies (643ms)
			LogAssemblyErrors (0ms)
			InitializePlatformSupportModulesInManaged (480ms)
			SetLoadedEditorAssemblies (4ms)
			RefreshPlugins (0ms)
			BeforeProcessingInitializeOnLoad (2ms)
			ProcessInitializeOnLoadAttributes (102ms)
			ProcessInitializeOnLoadMethodAttributes (53ms)
			AfterProcessingInitializeOnLoad (0ms)
			EditorAssembliesLoaded (0ms)
		ExecutionOrderSort2 (0ms)
		AwakeInstancesAfterBackupRestoration (0ms)
========================================================================
Worker process is ready to serve import requests
Begin MonoManager ReloadAssembly
Symbol file LoadedFromMemory doesn't match image C:\Users\Fatih\NoSurrenderCase\Library\PackageCache\com.unity.visualscripting@1.8.0\Editor\VisualScripting.Core\Dependencies\YamlDotNet\Unity.VisualScripting.YamlDotNet.dll
Symbol file LoadedFromMemory doesn't match image C:\Users\Fatih\NoSurrenderCase\Library\PackageCache\com.unity.visualscripting@1.8.0\Editor\VisualScripting.Core\Dependencies\DotNetZip\Unity.VisualScripting.IonicZip.dll
- Loaded All Assemblies, in  1.064 seconds
Refreshing native plugins compatible for Editor in 7.13 ms, found 3 plugins.
Native extension for WindowsStandalone target not found
Native extension for iOS target not found
Native extension for Android target not found
Mono: successfully reloaded assembly
- Finished resetting the current domain, in  0.864 seconds
Domain Reload Profiling: 1922ms
	BeginReloadAssembly (148ms)
		ExecutionOrderSort (0ms)
		DisableScriptedObjects (6ms)
		BackupInstance (0ms)
		ReleaseScriptingObjects (0ms)
		CreateAndSetChildDomain (24ms)
	RebuildCommonClasses (38ms)
	RebuildNativeTypeToScriptingClass (12ms)
	initialDomainReloadingComplete (55ms)
	LoadAllAssembliesAndSetupDomain (804ms)
		LoadAssemblies (429ms)
		RebuildTransferFunctionScriptingTraits (0ms)
		AnalyzeDomain (442ms)
			TypeCache.Refresh (396ms)
				TypeCache.ScanAssembly (380ms)
			ScanForSourceGeneratedMonoScriptInfo (32ms)
			ResolveRequiredComponents (13ms)
	FinalizeReload (865ms)
		ReleaseScriptCaches (0ms)
		RebuildScriptCaches (0ms)
		SetupLoadedEditorAssemblies (645ms)
			LogAssemblyErrors (0ms)
			InitializePlatformSupportModulesInManaged (44ms)
			SetLoadedEditorAssemblies (5ms)
			RefreshPlugins (0ms)
			BeforeProcessingInitializeOnLoad (96ms)
			ProcessInitializeOnLoadAttributes (415ms)
			ProcessInitializeOnLoadMethodAttributes (75ms)
			AfterProcessingInitializeOnLoad (9ms)
			EditorAssembliesLoaded (0ms)
		ExecutionOrderSort2 (0ms)
		AwakeInstancesAfterBackupRestoration (6ms)
Launched and connected shader compiler UnityShaderCompiler.exe after 0.06 seconds
Refreshing native plugins compatible for Editor in 6.88 ms, found 3 plugins.
Preloading 0 native plugins for Editor in 0.00 ms.
Unloading 5286 Unused Serialized files (Serialized files now loaded: 0)
Unloading 80 unused Assets / (467.7 KB). Loaded Objects now: 5775.
Memory consumption went from 224.9 MB to 224.4 MB.
Total: 4.574000 ms (FindLiveObjects: 0.478300 ms CreateObjectMapping: 0.416400 ms MarkObjects: 3.367900 ms  DeleteObjects: 0.310100 ms)

AssetImportParameters requested are different than current active one (requested -> active):
  custom:container-demuxer-ogg: 62fdf1f143b41e24485cea50d1cbac27 -> 
  custom:video-decoder-ogg-theora: a1e56fd34408186e4bbccfd4996cb3dc -> 
  custom:framework-win-MediaFoundation: 216162199b28c13a410421893ffa2e32 -> 
  custom:container-demuxer-webm: 4f35f7cbe854078d1ac9338744f61a02 -> 
  custom:container-muxer-webm: aa71ff27fc2769a1b78a27578f13a17b -> 
  custom:video-decoder-webm-vp8: 9c59270c3fd7afecdb556c50c9e8de78 -> 
  custom:AudioImporter_EditorPlatform: d09bf68614088b80899f8185d706f6e7 -> 
  custom:video-encoder-webm-vp8: eb34c28f22e8b96e1ab97ce403110664 -> 
  custom:audio-decoder-ogg-vorbis: bf7c407c2cedff20999df2af8eb42d56 -> 
  custom:audio-encoder-webm-vorbis: bf7c407c2cedff20999df2af8eb42d56 -> 
========================================================================
Received Import Request.
  Time since last request: 169352.805536 seconds.
  path: Assets/_Project/Scenes/SampleScene
  artifactKey: Guid(0ebeab4a50c7fb0408926fbf863e27c7) Importer(815301076,1909f56bfc062723c751e8b465ee728b)
Start importing Assets/_Project/Scenes/SampleScene using Guid(0ebeab4a50c7fb0408926fbf863e27c7) Importer(815301076,1909f56bfc062723c751e8b465ee728b)  -> (artifact id: '76032b0dfa2534334589ef088c58c963') in 0.008446 seconds
Number of updated asset objects reloaded before import = 0
Number of asset objects unloaded after import = 0
========================================================================
Received Prepare
Refreshing native plugins compatible for Editor in 5.00 ms, found 3 plugins.
Preloading 0 native plugins for Editor in 0.00 ms.
Unloading 3 Unused Serialized files (Serialized files now loaded: 0)
Unloading 3 unused Assets / (412.3 KB). Loaded Objects now: 5775.
Memory consumption went from 115.7 MB to 115.3 MB.
Total: 3.354000 ms (FindLiveObjects: 0.423400 ms CreateObjectMapping: 0.149300 ms MarkObjects: 2.675200 ms  DeleteObjects: 0.104900 ms)

Prepare: number of updated asset objects reloaded= 0
AssetImportParameters requested are different than current active one (requested -> active):
  custom:container-demuxer-ogg: 62fdf1f143b41e24485cea50d1cbac27 -> 
  custom:video-decoder-ogg-theora: a1e56fd34408186e4bbccfd4996cb3dc -> 
  custom:framework-win-MediaFoundation: 216162199b28c13a410421893ffa2e32 -> 
  custom:CustomObjectIndexerAttribute: a3ef5dd2817f97addfee359851a9dba5 -> 
  custom:container-demuxer-webm: 4f35f7cbe854078d1ac9338744f61a02 -> 
  custom:container-muxer-webm: aa71ff27fc2769a1b78a27578f13a17b -> 
  custom:video-decoder-webm-vp8: 9c59270c3fd7afecdb556c50c9e8de78 -> 
  custom:AudioImporter_EditorPlatform: d09bf68614088b80899f8185d706f6e7 -> 
  custom:video-encoder-webm-vp8: eb34c28f22e8b96e1ab97ce403110664 -> 
  custom:audio-decoder-ogg-vorbis: bf7c407c2cedff20999df2af8eb42d56 -> 
  custom:audio-encoder-webm-vorbis: bf7c407c2cedff20999df2af8eb42d56 -> 
========================================================================
Received Import Request.
  Time since last request: 50.210049 seconds.
  path: Assets/Resources/DOTweenSettings.asset
  artifactKey: Guid(852bc23335dc3394a849a4ce083d3118) Importer(815301076,1909f56bfc062723c751e8b465ee728b)
Start importing Assets/Resources/DOTweenSettings.asset using Guid(852bc23335dc3394a849a4ce083d3118) Importer(815301076,1909f56bfc062723c751e8b465ee728b)  -> (artifact id: '64149f615d5f627d040901577cf3e331') in 0.003542 seconds
Number of updated asset objects reloaded before import = 0
Number of asset objects unloaded after import = 1
========================================================================
Received Import Request.
  Time since last request: 276.667970 seconds.
  path: Assets/3rdParty/Asset Packs/Hovl Studio/MoonSword/Materials
  artifactKey: Guid(9b803ac084480f444a8ee578884a74aa) Importer(815301076,1909f56bfc062723c751e8b465ee728b)
Start importing Assets/3rdParty/Asset Packs/Hovl Studio/MoonSword/Materials using Guid(9b803ac084480f444a8ee578884a74aa) Importer(815301076,1909f56bfc062723c751e8b465ee728b)  -> (artifact id: 'a9a89000f125f326fafe531195a220fe') in 0.000655 seconds
Number of updated asset objects reloaded before import = 13
Number of asset objects unloaded after import = 0
========================================================================
Received Import Request.
  Time since last request: 0.036432 seconds.
  path: Assets/3rdParty/Asset Packs/Hovl Studio/MoonSword/Materials/Circle135bcg.mat
  artifactKey: Guid(3e407129239894d4cbad56b933d72ff7) Importer(815301076,1909f56bfc062723c751e8b465ee728b)
Start importing Assets/3rdParty/Asset Packs/Hovl Studio/MoonSword/Materials/Circle135bcg.mat using Guid(3e407129239894d4cbad56b933d72ff7) Importer(815301076,1909f56bfc062723c751e8b465ee728b)  -> (artifact id: 'c117890b55178c7e11e5bd1ee4f0ef8a') in 0.001206 seconds
Number of updated asset objects reloaded before import = 0
Number of asset objects unloaded after import = 1
========================================================================
Received Import Request.
  Time since last request: 0.016984 seconds.
  path: Assets/3rdParty/Asset Packs/Hovl Studio/MoonSword/Materials/MoonSword 1.mat
  artifactKey: Guid(5685c8835e9a76a4fb26b4868cbf11e4) Importer(815301076,1909f56bfc062723c751e8b465ee728b)
Start importing Assets/3rdParty/Asset Packs/Hovl Studio/MoonSword/Materials/MoonSword 1.mat using Guid(5685c8835e9a76a4fb26b4868cbf11e4) Importer(815301076,1909f56bfc062723c751e8b465ee728b)  -> (artifact id: 'bcf38aaa570f466e10549b29e96d4883') in 0.001493 seconds
Number of updated asset objects reloaded before import = 0
Number of asset objects unloaded after import = 1
========================================================================
Received Import Request.
  Time since last request: 0.000017 seconds.
  path: Assets/3rdParty/Asset Packs/Hovl Studio/MoonSword/Materials/MoonSword 4.mat
  artifactKey: Guid(d9da3d8e0a3e2334d8cb352a04e0756c) Importer(815301076,1909f56bfc062723c751e8b465ee728b)
Start importing Assets/3rdParty/Asset Packs/Hovl Studio/MoonSword/Materials/MoonSword 4.mat using Guid(d9da3d8e0a3e2334d8cb352a04e0756c) Importer(815301076,1909f56bfc062723c751e8b465ee728b)  -> (artifact id: '0270c60f4bb6188594b0a3abf458cd8f') in 0.001362 seconds
Number of updated asset objects reloaded before import = 0
Number of asset objects unloaded after import = 1
========================================================================
Received Import Request.
  Time since last request: 0.046523 seconds.
  path: Assets/3rdParty/Asset Packs/Hovl Studio/MoonSword/Materials/MoonSword 5.mat
  artifactKey: Guid(603bead62c65ff341b36851a34a870ac) Importer(815301076,1909f56bfc062723c751e8b465ee728b)
Start importing Assets/3rdParty/Asset Packs/Hovl Studio/MoonSword/Materials/MoonSword 5.mat using Guid(603bead62c65ff341b36851a34a870ac) Importer(815301076,1909f56bfc062723c751e8b465ee728b)  -> (artifact id: '04e40ebb0f72e135455df4452ca28cf5') in 0.004509 seconds
Number of updated asset objects reloaded before import = 0
Number of asset objects unloaded after import = 1
========================================================================
Received Import Request.
  Time since last request: 0.542475 seconds.
  path: Assets/3rdParty/Asset Packs/Hovl Studio/MoonSword/Materials/MoonSword 6.mat
  artifactKey: Guid(87b07c5f274f7234a95f737593b114df) Importer(815301076,1909f56bfc062723c751e8b465ee728b)
Start importing Assets/3rdParty/Asset Packs/Hovl Studio/MoonSword/Materials/MoonSword 6.mat using Guid(87b07c5f274f7234a95f737593b114df) Importer(815301076,1909f56bfc062723c751e8b465ee728b)  -> (artifact id: 'd6467af19412175021378d242049aed8') in 0.001895 seconds
Number of updated asset objects reloaded before import = 0
Number of asset objects unloaded after import = 1
========================================================================
Received Import Request.
  Time since last request: 0.003299 seconds.
  path: Assets/3rdParty/Asset Packs/Hovl Studio/MoonSword/Materials/Point12cg.mat
  artifactKey: Guid(9aaa13d175bcf1c4b8acc4d930ee06ee) Importer(815301076,1909f56bfc062723c751e8b465ee728b)
Start importing Assets/3rdParty/Asset Packs/Hovl Studio/MoonSword/Materials/Point12cg.mat using Guid(9aaa13d175bcf1c4b8acc4d930ee06ee) Importer(815301076,1909f56bfc062723c751e8b465ee728b)  -> (artifact id: '22c54a72945e1949a693f07f4184a8b8') in 0.001197 seconds
Number of updated asset objects reloaded before import = 0
Number of asset objects unloaded after import = 1
========================================================================
Received Import Request.
  Time since last request: 0.012217 seconds.
  path: Assets/3rdParty/Asset Packs/Hovl Studio/MoonSword/Materials/Smoke3cg.mat
  artifactKey: Guid(fe3fbcea8e93fec468be670c547e0aa1) Importer(815301076,1909f56bfc062723c751e8b465ee728b)
Start importing Assets/3rdParty/Asset Packs/Hovl Studio/MoonSword/Materials/Smoke3cg.mat using Guid(fe3fbcea8e93fec468be670c547e0aa1) Importer(815301076,1909f56bfc062723c751e8b465ee728b)  -> (artifact id: '290df06c2675f88539bae82dcf627bf7') in 0.001469 seconds
Number of updated asset objects reloaded before import = 0
Number of asset objects unloaded after import = 1
========================================================================
Received Import Request.
  Time since last request: 4.126446 seconds.
  path: Assets/3rdParty/Asset Packs/Hovl Studio/MoonSword/Prefabs/MoonSword 1.prefab
  artifactKey: Guid(ec413a0fd2a940f4d9475a8299d85f9c) Importer(815301076,1909f56bfc062723c751e8b465ee728b)
Start importing Assets/3rdParty/Asset Packs/Hovl Studio/MoonSword/Prefabs/MoonSword 1.prefab using Guid(ec413a0fd2a940f4d9475a8299d85f9c) Importer(815301076,1909f56bfc062723c751e8b465ee728b)  -> (artifact id: '8000b6f684e05000cc5042d79fa6538b') in 0.006163 seconds
Number of updated asset objects reloaded before import = 0
Number of asset objects unloaded after import = 19
========================================================================
Received Import Request.
  Time since last request: 0.018745 seconds.
  path: Assets/3rdParty/Asset Packs/Hovl Studio/MoonSword/Prefabs/MoonSword 3.prefab
  artifactKey: Guid(c30fcbe73b9f9d543998f5e784be6273) Importer(815301076,1909f56bfc062723c751e8b465ee728b)
Start importing Assets/3rdParty/Asset Packs/Hovl Studio/MoonSword/Prefabs/MoonSword 3.prefab using Guid(c30fcbe73b9f9d543998f5e784be6273) Importer(815301076,1909f56bfc062723c751e8b465ee728b)  -> (artifact id: '8c4d687b5fdaacaa61f1d325fc3376a9') in 0.002802 seconds
Number of updated asset objects reloaded before import = 0
Number of asset objects unloaded after import = 6
========================================================================
Received Import Request.
  Time since last request: 0.000021 seconds.
  path: Assets/3rdParty/Asset Packs/Hovl Studio/MoonSword/Prefabs/MoonSword 6.prefab
  artifactKey: Guid(0de82f2050779844e840890abdb725d4) Importer(815301076,1909f56bfc062723c751e8b465ee728b)
Start importing Assets/3rdParty/Asset Packs/Hovl Studio/MoonSword/Prefabs/MoonSword 6.prefab using Guid(0de82f2050779844e840890abdb725d4) Importer(815301076,1909f56bfc062723c751e8b465ee728b)  -> (artifact id: '8660d692e5ea4f5aadae072955fd67ad') in 0.002973 seconds
Number of updated asset objects reloaded before import = 0
Number of asset objects unloaded after import = 6
========================================================================
Received Import Request.
  Time since last request: 0.000021 seconds.
  path: Assets/3rdParty/Asset Packs/Hovl Studio/MoonSword/Prefabs/MoonSword 3b.prefab
  artifactKey: Guid(8a92b699d0a75ee4d908a1e35e649cbb) Importer(815301076,1909f56bfc062723c751e8b465ee728b)
Start importing Assets/3rdParty/Asset Packs/Hovl Studio/MoonSword/Prefabs/MoonSword 3b.prefab using Guid(8a92b699d0a75ee4d908a1e35e649cbb) Importer(815301076,1909f56bfc062723c751e8b465ee728b)  -> (artifact id: '56d30774e88e6272832f20961869591e') in 0.001936 seconds
Number of updated asset objects reloaded before import = 0
Number of asset objects unloaded after import = 6
========================================================================
Received Import Request.
  Time since last request: 0.000030 seconds.
  path: Assets/3rdParty/Asset Packs/Hovl Studio/MoonSword/Prefabs/MoonSword 5b.prefab
  artifactKey: Guid(fe4758ae6aa922442a8e2ddabb84ecdd) Importer(815301076,1909f56bfc062723c751e8b465ee728b)
Start importing Assets/3rdParty/Asset Packs/Hovl Studio/MoonSword/Prefabs/MoonSword 5b.prefab using Guid(fe4758ae6aa922442a8e2ddabb84ecdd) Importer(815301076,1909f56bfc062723c751e8b465ee728b)  -> (artifact id: '57b50bf8bf06de49e189924ebec6506c') in 0.002873 seconds
Number of updated asset objects reloaded before import = 0
Number of asset objects unloaded after import = 6
========================================================================
Received Import Request.
  Time since last request: 0.000029 seconds.
  path: Assets/3rdParty/Asset Packs/Hovl Studio/MoonSword/Prefabs/MoonSword 2.prefab
  artifactKey: Guid(a81125569266fd748ae453657259a0d7) Importer(815301076,1909f56bfc062723c751e8b465ee728b)
Start importing Assets/3rdParty/Asset Packs/Hovl Studio/MoonSword/Prefabs/MoonSword 2.prefab using Guid(a81125569266fd748ae453657259a0d7) Importer(815301076,1909f56bfc062723c751e8b465ee728b)  -> (artifact id: '5cab1c322f6e6385442dda1f211a8fe6') in 0.003373 seconds
Number of updated asset objects reloaded before import = 0
Number of asset objects unloaded after import = 14
